2026-01-26 09:15:14,308 - UPI_Fraud_Detection - INFO - Loading models for inference...
2026-01-26 09:17:02,331 - UPI_Fraud_Detection - INFO - Loading models for inference...
2026-01-26 09:20:04,614 - UPI_Fraud_Detection - INFO - Loading models for inference...
2026-01-26 09:33:10,157 - UPI_Fraud_Detection - INFO - Loading models for inference...
2026-01-26 10:02:41,211 - UPI_Fraud_Detection - INFO - Loading models for inference...
2026-01-27 17:11:05,667 - UPI_Fraud_Detection - INFO - Loading data...
2026-01-27 17:11:05,704 - UPI_Fraud_Detection - INFO - Fitting and transforming data...
2026-01-27 17:11:05,705 - UPI_Fraud_Detection - INFO - Starting feature engineering...
2026-01-27 17:11:05,731 - UPI_Fraud_Detection - INFO - Artifacts saved.
2026-01-27 17:11:05,731 - UPI_Fraud_Detection - INFO - Creating sequences with lookback 10...
2026-01-27 17:11:05,984 - UPI_Fraud_Detection - INFO - Training LSTM...
2026-01-27 17:11:18,871 - UPI_Fraud_Detection - INFO - Training XGBoost...
2026-01-27 17:11:19,119 - UPI_Fraud_Detection - INFO - Evaluating Hybrid Model...
2026-01-27 17:11:19,479 - UPI_Fraud_Detection - INFO - Metrics: {'Accuracy': 0.9890054972513743, 'Precision': 0.8, 'Recall': 0.6956521739130435, 'F1 Score': 0.7441860465116279, 'ROC AUC': 0.7955187367952852}
2026-01-27 17:11:36,009 - UPI_Fraud_Detection - INFO - Loading models for inference...
2026-01-27 17:11:58,473 - UPI_Fraud_Detection - WARNING - Domain Rule Triggered: Unknown Device 11:22:33:44:55:66
2026-01-27 17:38:13,722 - UPI_Fraud_Detection - INFO - Loading models for inference...
2026-01-27 17:39:05,425 - UPI_Fraud_Detection - WARNING - Domain Rule Triggered: Unknown Device 11:22:33:44:55:66
2026-01-27 18:02:09,035 - UPI_Fraud_Detection - WARNING - Domain Rule Triggered: Unknown Device 11:22:33:44:55:66
2026-01-27 18:14:21,990 - UPI_Fraud_Detection - INFO - Loading models for inference...
2026-01-27 18:14:56,509 - UPI_Fraud_Detection - INFO - Loading models for inference...
2026-01-27 18:16:46,978 - UPI_Fraud_Detection - INFO - Loading models for inference...
2026-01-27 18:16:48,367 - UPI_Fraud_Detection - WARNING - Domain Rule Triggered: Unknown Device mac_addr
2026-01-27 18:17:38,965 - UPI_Fraud_Detection - INFO - Loading models for inference...
2026-01-27 18:27:03,155 - UPI_Fraud_Detection - INFO - Loading models for inference...
2026-01-27 18:27:18,153 - UPI_Fraud_Detection - INFO - Loading models for inference...
2026-01-27 18:27:27,503 - UPI_Fraud_Detection - WARNING - Domain Rule Triggered: Unknown Device 02:00:00:00:00:00
2026-01-27 18:27:35,429 - UPI_Fraud_Detection - WARNING - Domain Rule Triggered: Unknown Device 00:00:00:00:00:00
2026-01-27 18:27:36,901 - UPI_Fraud_Detection - WARNING - Domain Rule Triggered: Unknown Device 00:00:00:00:00:00
2026-01-27 18:27:41,080 - UPI_Fraud_Detection - WARNING - Domain Rule Triggered: Unknown Device 00:00:00:00:00:00
2026-01-27 18:28:00,223 - UPI_Fraud_Detection - WARNING - Domain Rule Triggered: Unknown Device 00:00:00:00:00:00
2026-01-27 18:28:34,607 - UPI_Fraud_Detection - WARNING - Domain Rule Triggered: Unknown Device 00:00:00:00:00:00
2026-01-27 18:29:02,712 - UPI_Fraud_Detection - WARNING - Domain Rule Triggered: Unknown Device 00:00:00:00:00:00
2026-01-27 18:39:55,284 - UPI_Fraud_Detection - INFO - Loading models for inference...
2026-01-27 18:42:19,149 - UPI_Fraud_Detection - WARNING - Domain Rule Triggered: Unknown Device 00:00:00:00:00:00
2026-01-27 18:44:57,455 - UPI_Fraud_Detection - INFO - Loading models for inference...
2026-01-27 18:46:04,635 - UPI_Fraud_Detection - INFO - Loading models for inference...
2026-01-27 18:46:06,026 - UPI_Fraud_Detection - WARNING - Domain Rule Triggered: Unknown Device new_device_id
2026-01-27 18:46:06,111 - UPI_Fraud_Detection - WARNING - Domain Rule Triggered: Unknown Device hacker_device
2026-01-27 18:48:00,455 - UPI_Fraud_Detection - INFO - Loading models for inference...
2026-01-27 18:48:42,598 - UPI_Fraud_Detection - INFO - Loading models for inference...
2026-01-27 18:48:44,016 - UPI_Fraud_Detection - WARNING - Domain Rule Triggered: Unknown Device new_device_id
2026-01-27 18:48:44,059 - UPI_Fraud_Detection - WARNING - Domain Rule Triggered: High Amount at Unusual Hour
2026-01-27 18:48:44,101 - UPI_Fraud_Detection - WARNING - Domain Rule Triggered: Unknown Device hacker_device
